Logfile initialized
[INFO] logfile = /Users/mcroeder/dev/titanium/AppconomySDKExampleApp/build.log
[DEBUG] /Library/Application Support/Titanium/mobilesdk/osx/1.8.0.v20110705154638/android/builder.py simulator AppconomySDKExampleApp /Users/mcroeder/dev/androidsdk/android-sdk-mac_x86 /Users/mcroeder/dev/titanium/AppconomySDKExampleApp com.appconomy.com 7 HVGA 
[INFO] Building AppconomySDKExampleApp for Android ... one moment
[INFO] Titanium SDK version: 1.8.0 (07/05/11 15:46 ed29086...)
[DEBUG] Waiting for device to be ready ...
[TRACE] adb devices returned 1 devices/emulators
[DEBUG] Device connected... (waited 0 seconds)
[DEBUG] waited 0.010868 seconds on emulator to get ready
[DEBUG] com.appconomy.com installed? True
[INFO] Fastdev server running, deploying in Fastdev mode
[INFO] Copying project resources..
[TRACE] COPYING MODIFIED FILE: /Users/mcroeder/dev/titanium/AppconomySDKExampleApp/Resources/app.js => /Users/mcroeder/dev/titanium/AppconomySDKExampleApp/build/android/bin/assets/Resources/app.js
[INFO] Tiapp.xml unchanged, skipping class generation
[DEBUG] Processing Android resource drawables
[DEBUG] found drawable-long-land-hdpi splash screen at /Users/mcroeder/dev/titanium/AppconomySDKExampleApp/Resources/android/images/res-long-land-hdpi/default.png
[DEBUG] found drawable-long-land-ldpi splash screen at /Users/mcroeder/dev/titanium/AppconomySDKExampleApp/Resources/android/images/res-long-land-ldpi/default.png
[DEBUG] found drawable-long-port-hdpi splash screen at /Users/mcroeder/dev/titanium/AppconomySDKExampleApp/Resources/android/images/res-long-port-hdpi/default.png
[DEBUG] found drawable-long-port-ldpi splash screen at /Users/mcroeder/dev/titanium/AppconomySDKExampleApp/Resources/android/images/res-long-port-ldpi/default.png
[DEBUG] found drawable-notlong-land-hdpi splash screen at /Users/mcroeder/dev/titanium/AppconomySDKExampleApp/Resources/android/images/res-notlong-land-hdpi/default.png
[DEBUG] found drawable-notlong-land-ldpi splash screen at /Users/mcroeder/dev/titanium/AppconomySDKExampleApp/Resources/android/images/res-notlong-land-ldpi/default.png
[DEBUG] found drawable-notlong-land-mdpi splash screen at /Users/mcroeder/dev/titanium/AppconomySDKExampleApp/Resources/android/images/res-notlong-land-mdpi/default.png
[DEBUG] found drawable-notlong-port-hdpi splash screen at /Users/mcroeder/dev/titanium/AppconomySDKExampleApp/Resources/android/images/res-notlong-port-hdpi/default.png
[DEBUG] found drawable-notlong-port-ldpi splash screen at /Users/mcroeder/dev/titanium/AppconomySDKExampleApp/Resources/android/images/res-notlong-port-ldpi/default.png
[DEBUG] found drawable-notlong-port-mdpi splash screen at /Users/mcroeder/dev/titanium/AppconomySDKExampleApp/Resources/android/images/res-notlong-port-mdpi/default.png
[INFO] Waiting for SDCard to become available..
[INFO] Re-launching application ... AppconomySDKExampleApp
[INFO] Launching application ... AppconomySDKExampleApp
[TRACE] Launch output: Starting: Intent { act=android.intent.action.MAIN cat=[android.intent.category.LAUNCHER] cmp=com.appconomy.com/.AppconomysdkexampleappActivity }

